<?xml version="1.0" encoding="UTF-8"?>
<robot generator="Robot 4.1.3 (Python 3.11.1 on win32)" generated="20230606 23:28:57.878" rpa="false" schemaversion="2">
<suite id="s1" name="Test" source="C:\Users\twm20\eclipse-workspace\test\Test">
<suite id="s1-s1" name="User" source="C:\Users\twm20\eclipse-workspace\test\Test\User">
<suite id="s1-s1-s1" name="User" source="C:\Users\twm20\eclipse-workspace\test\Test\User\User.robot">
<kw name="Login As Admin User" library="Login" type="SETUP">
<kw name="Open Browser" library="SeleniumLibrary">
<arg>http://127.0.0.1:3000/keystone/signin</arg>
<arg>Chrome</arg>
<doc>Opens a new browser instance to the optional ``url``.</doc>
<msg timestamp="20230606 23:28:58.039" level="INFO">Opening browser 'Chrome' to base url 'http://127.0.0.1:3000/keystone/signin'.</msg>
<status status="PASS" starttime="20230606 23:28:58.038" endtime="20230606 23:28:59.124"/>
</kw>
<kw name="Maximize Browser Window" library="SeleniumLibrary">
<doc>Maximizes current browser window.</doc>
<status status="PASS" starttime="20230606 23:28:59.125" endtime="20230606 23:28:59.242"/>
</kw>
<kw name="Input Text" library="SeleniumLibrary">
<arg>//*[@for='email']/input</arg>
<arg>demo@keystonejs.com</arg>
<doc>Types the given ``text`` into the text field identified by ``locator``.</doc>
<msg timestamp="20230606 23:28:59.243" level="INFO">Typing text 'demo@keystonejs.com' into text field '//*[@for='email']/input'.</msg>
<status status="PASS" starttime="20230606 23:28:59.242" endtime="20230606 23:28:59.318"/>
</kw>
<kw name="Input Text" library="SeleniumLibrary">
<arg>//*[@for='password']/input</arg>
<arg>demo</arg>
<doc>Types the given ``text`` into the text field identified by ``locator``.</doc>
<msg timestamp="20230606 23:28:59.319" level="INFO">Typing text 'demo' into text field '//*[@for='password']/input'.</msg>
<status status="PASS" starttime="20230606 23:28:59.319" endtime="20230606 23:28:59.368"/>
</kw>
<kw name="Click Element" library="SeleniumLibrary">
<arg>//*[@class='css-2960tt']</arg>
<doc>Click the element identified by ``locator``.</doc>
<msg timestamp="20230606 23:28:59.369" level="INFO">Clicking element '//*[@class='css-2960tt']'.</msg>
<status status="PASS" starttime="20230606 23:28:59.368" endtime="20230606 23:28:59.395"/>
</kw>
<kw name="Sleep" library="BuiltIn">
<arg>2s</arg>
<doc>Pauses the test executed for the given time.</doc>
<msg timestamp="20230606 23:29:01.397" level="INFO">Slept 2 seconds</msg>
<status status="PASS" starttime="20230606 23:28:59.395" endtime="20230606 23:29:01.397"/>
</kw>
<status status="PASS" starttime="20230606 23:28:58.038" endtime="20230606 23:29:01.397"/>
</kw>
<test id="s1-s1-s1-t1" name="TC-09">
<kw name="Run Keyword" library="BuiltIn" type="SETUP">
<arg>Go To User Page</arg>
<doc>Executes the given keyword with the given arguments.</doc>
<kw name="Go To User Page" library="AllKeyword">
<kw name="Click Element" library="SeleniumLibrary">
<arg>//li[@data-section-label='Users']</arg>
<doc>Click the element identified by ``locator``.</doc>
<msg timestamp="20230606 23:29:01.398" level="INFO">Clicking element '//li[@data-section-label='Users']'.</msg>
<status status="PASS" starttime="20230606 23:29:01.398" endtime="20230606 23:29:01.431"/>
</kw>
<kw name="Sleep" library="BuiltIn">
<arg>1s</arg>
<doc>Pauses the test executed for the given time.</doc>
<msg timestamp="20230606 23:29:02.432" level="INFO">Slept 1 second</msg>
<status status="PASS" starttime="20230606 23:29:01.431" endtime="20230606 23:29:02.432"/>
</kw>
<status status="PASS" starttime="20230606 23:29:01.398" endtime="20230606 23:29:02.432"/>
</kw>
<status status="PASS" starttime="20230606 23:29:01.398" endtime="20230606 23:29:02.432"/>
</kw>
<kw name="Verify Create Empty Field User Warning Message Should Be Visible" library="AllKeyword">
<kw name="Open Create User" library="AllKeyword">
<kw name="Click Element" library="SeleniumLibrary">
<arg>//*[@data-e2e-list-create-button='header']</arg>
<doc>Click the element identified by ``locator``.</doc>
<msg timestamp="20230606 23:29:02.433" level="INFO">Clicking element '//*[@data-e2e-list-create-button='header']'.</msg>
<status status="PASS" starttime="20230606 23:29:02.433" endtime="20230606 23:29:02.473"/>
</kw>
<status status="PASS" starttime="20230606 23:29:02.432" endtime="20230606 23:29:02.474"/>
</kw>
<kw name="Click Element" library="SeleniumLibrary">
<arg>//*[@data-button-type='submit']</arg>
<doc>Click the element identified by ``locator``.</doc>
<msg timestamp="20230606 23:29:02.474" level="INFO">Clicking element '//*[@data-button-type='submit']'.</msg>
<status status="PASS" starttime="20230606 23:29:02.474" endtime="20230606 23:29:02.501"/>
</kw>
<kw name="Verify Warning Message Should Be Visible" library="AllKeyword">
<kw name="Wait Until Element Is Visible" library="SeleniumLibrary">
<arg>//*[@data-alert-type='danger']/div</arg>
<doc>Waits until the element ``locator`` is visible.</doc>
<status status="PASS" starttime="20230606 23:29:02.501" endtime="20230606 23:29:02.723"/>
</kw>
<status status="PASS" starttime="20230606 23:29:02.501" endtime="20230606 23:29:02.723"/>
</kw>
<kw name="Click Element" library="SeleniumLibrary">
<arg>//*[@data-button-type='cancel']</arg>
<doc>Click the element identified by ``locator``.</doc>
<msg timestamp="20230606 23:29:02.723" level="INFO">Clicking element '//*[@data-button-type='cancel']'.</msg>
<status status="PASS" starttime="20230606 23:29:02.723" endtime="20230606 23:29:02.749"/>
</kw>
<status status="PASS" starttime="20230606 23:29:02.432" endtime="20230606 23:29:02.749"/>
</kw>
<kw name="Create A New User" library="AllKeyword">
<arg>first</arg>
<arg>last</arg>
<arg>test@gmail.com</arg>
<arg>s96186999</arg>
<arg>s96186999</arg>
<kw name="Go To User Page" library="AllKeyword">
<kw name="Click Element" library="SeleniumLibrary">
<arg>//li[@data-section-label='Users']</arg>
<doc>Click the element identified by ``locator``.</doc>
<msg timestamp="20230606 23:29:02.750" level="INFO">Clicking element '//li[@data-section-label='Users']'.</msg>
<status status="PASS" starttime="20230606 23:29:02.750" endtime="20230606 23:29:02.957"/>
</kw>
<kw name="Sleep" library="BuiltIn">
<arg>1s</arg>
<doc>Pauses the test executed for the given time.</doc>
<msg timestamp="20230606 23:29:03.957" level="INFO">Slept 1 second</msg>
<status status="PASS" starttime="20230606 23:29:02.957" endtime="20230606 23:29:03.957"/>
</kw>
<status status="PASS" starttime="20230606 23:29:02.750" endtime="20230606 23:29:03.957"/>
</kw>
<kw name="Open Create User" library="AllKeyword">
<kw name="Click Element" library="SeleniumLibrary">
<arg>//*[@data-e2e-list-create-button='header']</arg>
<doc>Click the element identified by ``locator``.</doc>
<msg timestamp="20230606 23:29:03.958" level="INFO">Clicking element '//*[@data-e2e-list-create-button='header']'.</msg>
<status status="PASS" starttime="20230606 23:29:03.958" endtime="20230606 23:29:03.986"/>
</kw>
<status status="PASS" starttime="20230606 23:29:03.957" endtime="20230606 23:29:03.986"/>
</kw>
<kw name="Input Text" library="SeleniumLibrary">
<arg>//*[@name='name.first']</arg>
<arg>${firstName}</arg>
<doc>Types the given ``text`` into the text field identified by ``locator``.</doc>
<msg timestamp="20230606 23:29:03.986" level="INFO">Typing text 'first' into text field '//*[@name='name.first']'.</msg>
<status status="PASS" starttime="20230606 23:29:03.986" endtime="20230606 23:29:04.029"/>
</kw>
<kw name="Input Text" library="SeleniumLibrary">
<arg>//*[@name='name.last']</arg>
<arg>${lastName}</arg>
<doc>Types the given ``text`` into the text field identified by ``locator``.</doc>
<msg timestamp="20230606 23:29:04.029" level="INFO">Typing text 'last' into text field '//*[@name='name.last']'.</msg>
<status status="PASS" starttime="20230606 23:29:04.029" endtime="20230606 23:29:04.075"/>
</kw>
<kw name="Input Text" library="SeleniumLibrary">
<arg>//*[@name='email']</arg>
<arg>${email}</arg>
<doc>Types the given ``text`` into the text field identified by ``locator``.</doc>
<msg timestamp="20230606 23:29:04.076" level="INFO">Typing text 'test@gmail.com' into text field '//*[@name='email']'.</msg>
<status status="PASS" starttime="20230606 23:29:04.076" endtime="20230606 23:29:04.135"/>
</kw>
<kw name="Input Text" library="SeleniumLibrary">
<arg>//*[@name='password']</arg>
<arg>${password}</arg>
<doc>Types the given ``text`` into the text field identified by ``locator``.</doc>
<msg timestamp="20230606 23:29:04.135" level="INFO">Typing text 's96186999' into text field '//*[@name='password']'.</msg>
<status status="PASS" starttime="20230606 23:29:04.135" endtime="20230606 23:29:04.195"/>
</kw>
<kw name="Input Text" library="SeleniumLibrary">
<arg>//*[@name='password_confirm']</arg>
<arg>${passwordConfirm}</arg>
<doc>Types the given ``text`` into the text field identified by ``locator``.</doc>
<msg timestamp="20230606 23:29:04.195" level="INFO">Typing text 's96186999' into text field '//*[@name='password_confirm']'.</msg>
<status status="PASS" starttime="20230606 23:29:04.195" endtime="20230606 23:29:04.244"/>
</kw>
<kw name="Click Element" library="SeleniumLibrary">
<arg>//*[@data-button-type='submit']</arg>
<doc>Click the element identified by ``locator``.</doc>
<msg timestamp="20230606 23:29:04.244" level="INFO">Clicking element '//*[@data-button-type='submit']'.</msg>
<status status="PASS" starttime="20230606 23:29:04.244" endtime="20230606 23:29:04.267"/>
</kw>
<status status="PASS" starttime="20230606 23:29:02.749" endtime="20230606 23:29:04.267"/>
</kw>
<kw name="Verify New User Should Be Exist" library="AllKeyword">
<arg>first last</arg>
<kw name="Click Element" library="SeleniumLibrary">
<arg>//*[@data-list-path='users']/a</arg>
<doc>Click the element identified by ``locator``.</doc>
<msg timestamp="20230606 23:29:04.268" level="INFO">Clicking element '//*[@data-list-path='users']/a'.</msg>
<status status="PASS" starttime="20230606 23:29:04.267" endtime="20230606 23:29:04.496"/>
</kw>
<kw name="Wait Until Element Is Visible" library="SeleniumLibrary">
<arg>//*[tbody]//tr//td//a[normalize-space()='first last']</arg>
<arg>timeout= 2s</arg>
<arg>error=User is not visible.</arg>
<doc>Waits until the element ``locator`` is visible.</doc>
<status status="PASS" starttime="20230606 23:29:04.496" endtime="20230606 23:29:04.521"/>
</kw>
<status status="PASS" starttime="20230606 23:29:04.267" endtime="20230606 23:29:04.521"/>
</kw>
<tag>Create User</tag>
<tag>Iuuse:User can't delete anyway.</tag>
<status status="PASS" starttime="20230606 23:29:01.397" endtime="20230606 23:29:04.521"/>
</test>
<kw name="Log Out" library="Login" type="TEARDOWN">
<kw name="Click Element" library="SeleniumLibrary">
<arg>//*[@data-section-label='octicon-home']</arg>
<doc>Click the element identified by ``locator``.</doc>
<msg timestamp="20230606 23:29:04.522" level="INFO">Clicking element '//*[@data-section-label='octicon-home']'.</msg>
<status status="PASS" starttime="20230606 23:29:04.522" endtime="20230606 23:29:04.548"/>
</kw>
<kw name="Click Element" library="SeleniumLibrary">
<arg>//*[@title='Sign Out']</arg>
<doc>Click the element identified by ``locator``.</doc>
<msg timestamp="20230606 23:29:04.548" level="INFO">Clicking element '//*[@title='Sign Out']'.</msg>
<status status="PASS" starttime="20230606 23:29:04.548" endtime="20230606 23:29:04.618"/>
</kw>
<kw name="Sleep" library="BuiltIn">
<arg>2s</arg>
<doc>Pauses the test executed for the given time.</doc>
<msg timestamp="20230606 23:29:06.619" level="INFO">Slept 2 seconds</msg>
<status status="PASS" starttime="20230606 23:29:04.618" endtime="20230606 23:29:06.619"/>
</kw>
<status status="PASS" starttime="20230606 23:29:04.521" endtime="20230606 23:29:06.620"/>
</kw>
<status status="PASS" starttime="20230606 23:28:57.911" endtime="20230606 23:29:06.620"/>
</suite>
<status status="PASS" starttime="20230606 23:28:57.909" endtime="20230606 23:29:06.623"/>
</suite>
<status status="PASS" starttime="20230606 23:28:57.898" endtime="20230606 23:29:06.624"/>
</suite>
<statistics>
<total>
<stat pass="1" fail="0" skip="0">All Tests</stat>
</total>
<tag>
<stat pass="1" fail="0" skip="0">Create User</stat>
<stat pass="1" fail="0" skip="0">Iuuse:User can't delete anyway.</stat>
</tag>
<suite>
<stat pass="1" fail="0" skip="0" id="s1" name="Test">Test</stat>
<stat pass="1" fail="0" skip="0" id="s1-s1" name="User">Test.User</stat>
<stat pass="1" fail="0" skip="0" id="s1-s1-s1" name="User">Test.User.User</stat>
</suite>
</statistics>
<errors>
</errors>
</robot>
