<?xml version="1.0" encoding="UTF-8"?>
<robot generator="Robot 4.1.3 (Python 3.11.1 on win32)" generated="20230611 12:05:19.796" rpa="false" schemaversion="2">
<suite id="s1" name="Test" source="C:\Users\twm20\eclipse-workspace\test\Test">
<suite id="s1-s1" name="Enquire" source="C:\Users\twm20\eclipse-workspace\test\Test\Enquire">
<suite id="s1-s1-s1" name="Enquire" source="C:\Users\twm20\eclipse-workspace\test\Test\Enquire\Enquire.robot">
<kw name="Login As Admin User" library="Login" type="SETUP">
<kw name="Open Browser" library="SeleniumLibrary">
<arg>http://127.0.0.1:3000/keystone/signin</arg>
<arg>Chrome</arg>
<doc>Opens a new browser instance to the optional ``url``.</doc>
<msg timestamp="20230611 12:05:19.975" level="INFO">Opening browser 'Chrome' to base url 'http://127.0.0.1:3000/keystone/signin'.</msg>
<status status="PASS" starttime="20230611 12:05:19.975" endtime="20230611 12:05:21.048"/>
</kw>
<kw name="Maximize Browser Window" library="SeleniumLibrary">
<doc>Maximizes current browser window.</doc>
<status status="PASS" starttime="20230611 12:05:21.048" endtime="20230611 12:05:21.160"/>
</kw>
<kw name="Input Text" library="SeleniumLibrary">
<arg>//*[@for='email']/input</arg>
<arg>demo@keystonejs.com</arg>
<doc>Types the given ``text`` into the text field identified by ``locator``.</doc>
<msg timestamp="20230611 12:05:21.161" level="INFO">Typing text 'demo@keystonejs.com' into text field '//*[@for='email']/input'.</msg>
<status status="PASS" starttime="20230611 12:05:21.160" endtime="20230611 12:05:21.234"/>
</kw>
<kw name="Input Text" library="SeleniumLibrary">
<arg>//*[@for='password']/input</arg>
<arg>demo</arg>
<doc>Types the given ``text`` into the text field identified by ``locator``.</doc>
<msg timestamp="20230611 12:05:21.235" level="INFO">Typing text 'demo' into text field '//*[@for='password']/input'.</msg>
<status status="PASS" starttime="20230611 12:05:21.235" endtime="20230611 12:05:21.280"/>
</kw>
<kw name="Click Element" library="SeleniumLibrary">
<arg>//*[@class='css-2960tt']</arg>
<doc>Click the element identified by ``locator``.</doc>
<msg timestamp="20230611 12:05:21.280" level="INFO">Clicking element '//*[@class='css-2960tt']'.</msg>
<status status="PASS" starttime="20230611 12:05:21.280" endtime="20230611 12:05:21.314"/>
</kw>
<kw name="Sleep" library="BuiltIn">
<arg>2s</arg>
<doc>Pauses the test executed for the given time.</doc>
<msg timestamp="20230611 12:05:23.314" level="INFO">Slept 2 seconds</msg>
<status status="PASS" starttime="20230611 12:05:21.314" endtime="20230611 12:05:23.314"/>
</kw>
<status status="PASS" starttime="20230611 12:05:19.974" endtime="20230611 12:05:23.314"/>
</kw>
<test id="s1-s1-s1-t1" name="TC-10">
<kw name="Run Keyword" library="BuiltIn" type="SETUP">
<arg>Go To Front Page</arg>
<doc>Executes the given keyword with the given arguments.</doc>
<kw name="Go To Front Page" library="AllKeyword">
<kw name="Click Element" library="SeleniumLibrary">
<arg>//*[@data-section-label='octicon-globe']/a</arg>
<doc>Click the element identified by ``locator``.</doc>
<msg timestamp="20230611 12:05:23.315" level="INFO">Clicking element '//*[@data-section-label='octicon-globe']/a'.</msg>
<status status="PASS" starttime="20230611 12:05:23.315" endtime="20230611 12:05:23.781"/>
</kw>
<kw name="Sleep" library="BuiltIn">
<arg>1s</arg>
<doc>Pauses the test executed for the given time.</doc>
<msg timestamp="20230611 12:05:24.783" level="INFO">Slept 1 second</msg>
<status status="PASS" starttime="20230611 12:05:23.782" endtime="20230611 12:05:24.783"/>
</kw>
<status status="PASS" starttime="20230611 12:05:23.315" endtime="20230611 12:05:24.783"/>
</kw>
<status status="PASS" starttime="20230611 12:05:23.315" endtime="20230611 12:05:24.783"/>
</kw>
<kw name="Go To Contact Page" library="AllKeyword">
<kw name="Click Element" library="SeleniumLibrary">
<arg>//*[normalize-space()='Contact']/a</arg>
<doc>Click the element identified by ``locator``.</doc>
<msg timestamp="20230611 12:05:24.784" level="INFO">Clicking element '//*[normalize-space()='Contact']/a'.</msg>
<status status="PASS" starttime="20230611 12:05:24.784" endtime="20230611 12:05:24.946"/>
</kw>
<kw name="Sleep" library="BuiltIn">
<arg>1s</arg>
<doc>Pauses the test executed for the given time.</doc>
<msg timestamp="20230611 12:05:25.946" level="INFO">Slept 1 second</msg>
<status status="PASS" starttime="20230611 12:05:24.946" endtime="20230611 12:05:25.946"/>
</kw>
<status status="PASS" starttime="20230611 12:05:24.784" endtime="20230611 12:05:25.946"/>
</kw>
<kw name="Create A New Contact" library="AllKeyword">
<arg>name</arg>
<arg>test@gmail.com</arg>
<arg>0900000000</arg>
<arg>message</arg>
<arg>test</arg>
<kw name="Input Text" library="SeleniumLibrary">
<arg>//*[@name='name.full']</arg>
<arg>${name}</arg>
<doc>Types the given ``text`` into the text field identified by ``locator``.</doc>
<msg timestamp="20230611 12:05:25.947" level="INFO">Typing text 'name' into text field '//*[@name='name.full']'.</msg>
<status status="PASS" starttime="20230611 12:05:25.947" endtime="20230611 12:05:25.997"/>
</kw>
<kw name="Input Text" library="SeleniumLibrary">
<arg>//*[@name='email']</arg>
<arg>${email}</arg>
<doc>Types the given ``text`` into the text field identified by ``locator``.</doc>
<msg timestamp="20230611 12:05:25.998" level="INFO">Typing text 'test@gmail.com' into text field '//*[@name='email']'.</msg>
<status status="PASS" starttime="20230611 12:05:25.997" endtime="20230611 12:05:26.062"/>
</kw>
<kw name="Input Text" library="SeleniumLibrary">
<arg>//*[@name='phone']</arg>
<arg>${phone}</arg>
<doc>Types the given ``text`` into the text field identified by ``locator``.</doc>
<msg timestamp="20230611 12:05:26.062" level="INFO">Typing text '0900000000' into text field '//*[@name='phone']'.</msg>
<status status="PASS" starttime="20230611 12:05:26.062" endtime="20230611 12:05:26.116"/>
</kw>
<kw name="Click Element" library="SeleniumLibrary">
<arg>//*[select]</arg>
<doc>Click the element identified by ``locator``.</doc>
<msg timestamp="20230611 12:05:26.116" level="INFO">Clicking element '//*[select]'.</msg>
<status status="PASS" starttime="20230611 12:05:26.116" endtime="20230611 12:05:26.150"/>
</kw>
<kw name="Click Element" library="SeleniumLibrary">
<arg>//*[select]/select/option[@value='${regarding}']</arg>
<doc>Click the element identified by ``locator``.</doc>
<msg timestamp="20230611 12:05:26.151" level="INFO">Clicking element '//*[select]/select/option[@value='message']'.</msg>
<status status="PASS" starttime="20230611 12:05:26.151" endtime="20230611 12:05:26.176"/>
</kw>
<kw name="Input Text" library="SeleniumLibrary">
<arg>//*[@name='message']</arg>
<arg>${message}</arg>
<doc>Types the given ``text`` into the text field identified by ``locator``.</doc>
<msg timestamp="20230611 12:05:26.176" level="INFO">Typing text 'test' into text field '//*[@name='message']'.</msg>
<status status="PASS" starttime="20230611 12:05:26.176" endtime="20230611 12:05:26.224"/>
</kw>
<kw name="Click Element" library="SeleniumLibrary">
<arg>//*[@type='submit']</arg>
<doc>Click the element identified by ``locator``.</doc>
<msg timestamp="20230611 12:05:26.224" level="INFO">Clicking element '//*[@type='submit']'.</msg>
<status status="PASS" starttime="20230611 12:05:26.224" endtime="20230611 12:05:26.362"/>
</kw>
<kw name="Click Element" library="SeleniumLibrary">
<arg>//*[normalize-space()='Admin UI']/a</arg>
<doc>Click the element identified by ``locator``.</doc>
<msg timestamp="20230611 12:05:26.362" level="INFO">Clicking element '//*[normalize-space()='Admin UI']/a'.</msg>
<status status="PASS" starttime="20230611 12:05:26.362" endtime="20230611 12:05:26.465"/>
</kw>
<status status="PASS" starttime="20230611 12:05:25.946" endtime="20230611 12:05:26.465"/>
</kw>
<kw name="Verify New Enquire Should Be Exist" library="AllKeyword">
<arg>name</arg>
<kw name="Go To Enquire Page" library="AllKeyword">
<kw name="Click Element" library="SeleniumLibrary">
<arg>//*[@data-section-label='Enquiries']/a</arg>
<doc>Click the element identified by ``locator``.</doc>
<msg timestamp="20230611 12:05:26.466" level="INFO">Clicking element '//*[@data-section-label='Enquiries']/a'.</msg>
<status status="PASS" starttime="20230611 12:05:26.466" endtime="20230611 12:05:26.500"/>
</kw>
<kw name="Sleep" library="BuiltIn">
<arg>1s</arg>
<doc>Pauses the test executed for the given time.</doc>
<msg timestamp="20230611 12:05:27.502" level="INFO">Slept 1 second</msg>
<status status="PASS" starttime="20230611 12:05:26.501" endtime="20230611 12:05:27.502"/>
</kw>
<status status="PASS" starttime="20230611 12:05:26.466" endtime="20230611 12:05:27.502"/>
</kw>
<kw name="Wait Until Element Is Visible" library="SeleniumLibrary">
<arg>//*[tbody]//tr//td//a[normalize-space()='${name}']</arg>
<arg>timeout= 2s</arg>
<arg>error=Enquire is not visible.</arg>
<doc>Waits until the element ``locator`` is visible.</doc>
<status status="PASS" starttime="20230611 12:05:27.502" endtime="20230611 12:05:27.517"/>
</kw>
<status status="PASS" starttime="20230611 12:05:26.465" endtime="20230611 12:05:27.518"/>
</kw>
<kw name="Run Keyword If Test Passed" library="BuiltIn" type="TEARDOWN">
<arg>Delete Enquire By Name</arg>
<arg>name</arg>
<doc>Runs the given keyword with the given arguments, if the test passed.</doc>
<kw name="Delete Enquire By Name" library="AllKeyword">
<arg>name</arg>
<kw name="Go To Enquire Page" library="AllKeyword">
<kw name="Click Element" library="SeleniumLibrary">
<arg>//*[@data-section-label='Enquiries']/a</arg>
<doc>Click the element identified by ``locator``.</doc>
<msg timestamp="20230611 12:05:27.519" level="INFO">Clicking element '//*[@data-section-label='Enquiries']/a'.</msg>
<status status="PASS" starttime="20230611 12:05:27.519" endtime="20230611 12:05:27.536"/>
</kw>
<kw name="Sleep" library="BuiltIn">
<arg>1s</arg>
<doc>Pauses the test executed for the given time.</doc>
<msg timestamp="20230611 12:05:28.536" level="INFO">Slept 1 second</msg>
<status status="PASS" starttime="20230611 12:05:27.536" endtime="20230611 12:05:28.536"/>
</kw>
<status status="PASS" starttime="20230611 12:05:27.518" endtime="20230611 12:05:28.536"/>
</kw>
<kw name="Input Enquire Filter" library="AllKeyword">
<arg>${name}</arg>
<kw name="Go To Enquire Page" library="AllKeyword">
<kw name="Click Element" library="SeleniumLibrary">
<arg>//*[@data-section-label='Enquiries']/a</arg>
<doc>Click the element identified by ``locator``.</doc>
<msg timestamp="20230611 12:05:28.538" level="INFO">Clicking element '//*[@data-section-label='Enquiries']/a'.</msg>
<status status="PASS" starttime="20230611 12:05:28.537" endtime="20230611 12:05:28.564"/>
</kw>
<kw name="Sleep" library="BuiltIn">
<arg>1s</arg>
<doc>Pauses the test executed for the given time.</doc>
<msg timestamp="20230611 12:05:29.564" level="INFO">Slept 1 second</msg>
<status status="PASS" starttime="20230611 12:05:28.564" endtime="20230611 12:05:29.564"/>
</kw>
<status status="PASS" starttime="20230611 12:05:28.537" endtime="20230611 12:05:29.564"/>
</kw>
<kw name="Wait Until Element Is Visible" library="SeleniumLibrary">
<arg>//*[@placeholder='Search']</arg>
<arg>timeout= 2s</arg>
<arg>error=Search input is not visible.</arg>
<doc>Waits until the element ``locator`` is visible.</doc>
<status status="PASS" starttime="20230611 12:05:29.564" endtime="20230611 12:05:29.577"/>
</kw>
<kw name="Input Text" library="SeleniumLibrary">
<arg>//*[@placeholder='Search']</arg>
<arg>${categoryName}</arg>
<doc>Types the given ``text`` into the text field identified by ``locator``.</doc>
<msg timestamp="20230611 12:05:29.578" level="INFO">Typing text 'name' into text field '//*[@placeholder='Search']'.</msg>
<status status="PASS" starttime="20230611 12:05:29.577" endtime="20230611 12:05:29.628"/>
</kw>
<kw name="Sleep" library="BuiltIn">
<arg>2s</arg>
<doc>Pauses the test executed for the given time.</doc>
<msg timestamp="20230611 12:05:31.629" level="INFO">Slept 2 seconds</msg>
<status status="PASS" starttime="20230611 12:05:29.628" endtime="20230611 12:05:31.629"/>
</kw>
<status status="PASS" starttime="20230611 12:05:28.536" endtime="20230611 12:05:31.629"/>
</kw>
<kw name="Click Element" library="SeleniumLibrary">
<arg>//*[contains(@class, 'ItemList__col--delete')]</arg>
<doc>Click the element identified by ``locator``.</doc>
<msg timestamp="20230611 12:05:31.630" level="INFO">Clicking element '//*[contains(@class, 'ItemList__col--delete')]'.</msg>
<status status="PASS" starttime="20230611 12:05:31.629" endtime="20230611 12:05:31.660"/>
</kw>
<kw name="Click Element" library="SeleniumLibrary">
<arg>//*[@data-button-type='confirm']</arg>
<doc>Click the element identified by ``locator``.</doc>
<msg timestamp="20230611 12:05:31.661" level="INFO">Clicking element '//*[@data-button-type='confirm']'.</msg>
<status status="PASS" starttime="20230611 12:05:31.661" endtime="20230611 12:05:31.690"/>
</kw>
<status status="PASS" starttime="20230611 12:05:27.518" endtime="20230611 12:05:31.690"/>
</kw>
<status status="PASS" starttime="20230611 12:05:27.518" endtime="20230611 12:05:31.690"/>
</kw>
<tag>Create Enquire</tag>
<status status="PASS" starttime="20230611 12:05:23.314" endtime="20230611 12:05:31.691"/>
</test>
<kw name="Log Out" library="Login" type="TEARDOWN">
<kw name="Click Element" library="SeleniumLibrary">
<arg>//*[@data-section-label='octicon-home']</arg>
<doc>Click the element identified by ``locator``.</doc>
<msg timestamp="20230611 12:05:31.693" level="INFO">Clicking element '//*[@data-section-label='octicon-home']'.</msg>
<status status="PASS" starttime="20230611 12:05:31.692" endtime="20230611 12:05:32.099"/>
</kw>
<kw name="Click Element" library="SeleniumLibrary">
<arg>//*[@title='Sign Out']</arg>
<doc>Click the element identified by ``locator``.</doc>
<msg timestamp="20230611 12:05:32.100" level="INFO">Clicking element '//*[@title='Sign Out']'.</msg>
<status status="PASS" starttime="20230611 12:05:32.099" endtime="20230611 12:05:32.176"/>
</kw>
<kw name="Sleep" library="BuiltIn">
<arg>2s</arg>
<doc>Pauses the test executed for the given time.</doc>
<msg timestamp="20230611 12:05:34.178" level="INFO">Slept 2 seconds</msg>
<status status="PASS" starttime="20230611 12:05:32.176" endtime="20230611 12:05:34.178"/>
</kw>
<status status="PASS" starttime="20230611 12:05:31.692" endtime="20230611 12:05:34.179"/>
</kw>
<status status="PASS" starttime="20230611 12:05:19.851" endtime="20230611 12:05:34.179"/>
</suite>
<status status="PASS" starttime="20230611 12:05:19.850" endtime="20230611 12:05:34.181"/>
</suite>
<status status="PASS" starttime="20230611 12:05:19.838" endtime="20230611 12:05:34.182"/>
</suite>
<statistics>
<total>
<stat pass="1" fail="0" skip="0">All Tests</stat>
</total>
<tag>
<stat pass="1" fail="0" skip="0">Create Enquire</stat>
</tag>
<suite>
<stat pass="1" fail="0" skip="0" id="s1" name="Test">Test</stat>
<stat pass="1" fail="0" skip="0" id="s1-s1" name="Enquire">Test.Enquire</stat>
<stat pass="1" fail="0" skip="0" id="s1-s1-s1" name="Enquire">Test.Enquire.Enquire</stat>
</suite>
</statistics>
<errors>
</errors>
</robot>
